TN:
SF:src/config/db.ts
FN:3,(anonymous_1)
FN:4,(anonymous_2)
FN:14,(anonymous_3)
FNF:3
FNH:2
FNDA:12,(anonymous_1)
FNDA:12,(anonymous_2)
FNDA:0,(anonymous_3)
DA:1,1
DA:3,1
DA:4,12
DA:5,12
DA:6,12
DA:7,8
DA:9,4
DA:10,0
DA:11,0
DA:13,4
DA:14,4
DA:18,12
LF:12
LH:10
BRDA:4,0,0,12
BRDA:4,1,0,12
BRDA:6,2,0,12
BRDA:6,2,1,2
BRDA:9,3,0,0
BRF:5
BRH:4
end_of_record
TN:
SF:src/controllers/figureController.ts
FN:15,(anonymous_1)
FN:37,(anonymous_2)
FN:134,(anonymous_3)
FN:185,(anonymous_4)
FN:243,(anonymous_5)
FN:275,(anonymous_6)
FN:304,(anonymous_7)
FN:363,(anonymous_8)
FN:441,(anonymous_9)
FN:475,(anonymous_10)
FN:544,(anonymous_11)
FN:571,(anonymous_12)
FN:612,(anonymous_13)
FNF:13
FNH:12
FNDA:1,(anonymous_1)
FNDA:0,(anonymous_2)
FNDA:4,(anonymous_3)
FNDA:7,(anonymous_4)
FNDA:48,(anonymous_5)
FNDA:28,(anonymous_6)
FNDA:3,(anonymous_7)
FNDA:2,(anonymous_8)
FNDA:5,(anonymous_9)
FNDA:7,(anonymous_10)
FNDA:2,(anonymous_11)
FNDA:11,(anonymous_12)
FNDA:3,(anonymous_13)
DA:2,6
DA:3,6
DA:4,6
DA:5,6
DA:15,6
DA:16,1
DA:18,1
DA:19,1
DA:20,1
DA:37,0
DA:40,1
DA:41,1
DA:42,1
DA:44,1
DA:45,0
DA:46,0
DA:50,1
DA:51,0
DA:52,0
DA:53,0
DA:56,1
DA:57,1
DA:58,0
DA:60,0
DA:63,0
DA:64,0
DA:65,0
DA:66,0
DA:67,0
DA:68,0
DA:69,0
DA:70,0
DA:72,0
DA:76,0
DA:77,0
DA:78,0
DA:79,0
DA:80,0
DA:81,0
DA:83,0
DA:87,0
DA:88,0
DA:89,0
DA:90,0
DA:91,0
DA:93,0
DA:97,0
DA:98,0
DA:99,0
DA:100,0
DA:101,0
DA:102,0
DA:103,0
DA:104,0
DA:105,0
DA:107,0
DA:110,0
DA:111,0
DA:114,1
DA:115,1
DA:124,1
DA:125,0
DA:129,1
DA:134,6
DA:135,4
DA:137,4
DA:139,4
DA:140,4
DA:142,4
DA:151,3
DA:152,3
DA:153,3
DA:155,0
DA:156,0
DA:160,1
DA:163,1
DA:164,1
DA:165,1
DA:166,1
DA:167,0
DA:168,0
DA:171,0
DA:175,1
DA:185,6
DA:186,7
DA:187,7
DA:188,7
DA:190,7
DA:191,7
DA:193,7
DA:194,2
DA:195,2
DA:201,5
DA:204,5
DA:205,5
DA:206,4
DA:208,1
DA:209,1
DA:216,4
DA:217,2
DA:218,2
DA:224,2
DA:225,2
DA:226,2
DA:228,2
DA:233,0
DA:234,0
DA:243,6
DA:244,48
DA:245,48
DA:246,48
DA:247,48
DA:248,48
DA:250,48
DA:255,46
DA:257,46
DA:266,2
DA:275,6
DA:276,28
DA:277,28
DA:278,28
DA:283,5
DA:284,3
DA:290,2
DA:295,23
DA:304,6
DA:305,3
DA:306,3
DA:307,3
DA:310,3
DA:320,3
DA:321,2
DA:324,2
DA:325,2
DA:327,2
DA:328,1
DA:330,2
DA:331,1
DA:333,2
DA:334,1
DA:338,3
DA:349,3
DA:354,0
DA:363,6
DA:364,2
DA:365,2
DA:366,2
DA:369,2
DA:374,2
DA:375,1
DA:381,1
DA:391,1
DA:392,0
DA:395,0
DA:396,0
DA:398,0
DA:399,0
DA:401,0
DA:402,0
DA:404,0
DA:405,0
DA:407,1
DA:409,1
DA:413,1
DA:427,1
DA:432,0
DA:441,6
DA:442,5
DA:443,5
DA:446,5
DA:451,4
DA:452,2
DA:459,2
DA:461,2
DA:466,1
DA:475,6
DA:476,7
DA:477,7
DA:478,7
DA:480,7
DA:481,3
DA:489,4
DA:490,4
DA:492,0
DA:493,0
DA:500,4
DA:544,4
DA:556,4
DA:562,0
DA:571,6
DA:572,11
DA:573,11
DA:574,11
DA:576,11
DA:578,11
DA:579,11
DA:580,11
DA:581,11
DA:583,11
DA:584,11
DA:585,11
DA:587,11
DA:592,11
DA:594,11
DA:603,0
DA:612,6
DA:613,3
DA:614,3
DA:617,3
DA:618,3
DA:620,0
DA:621,0
DA:628,3
DA:631,3
DA:638,3
DA:645,3
DA:651,3
DA:661,0
LF:218
LH:150
BRDA:42,0,0,1
BRDA:42,0,1,0
BRDA:44,1,0,0
BRDA:50,2,0,0
BRDA:50,3,0,1
BRDA:50,3,1,1
BRDA:50,3,2,1
BRDA:68,4,0,0
BRDA:68,4,1,0
BRDA:79,5,0,0
BRDA:79,5,1,0
BRDA:89,6,0,0
BRDA:89,6,1,0
BRDA:102,7,0,0
BRDA:102,7,1,0
BRDA:124,8,0,0
BRDA:126,9,0,0
BRDA:126,9,1,0
BRDA:137,10,0,4
BRDA:137,10,1,4
BRDA:151,11,0,3
BRDA:151,11,1,0
BRDA:151,12,0,3
BRDA:151,12,1,3
BRDA:151,12,2,3
BRDA:166,13,0,0
BRDA:166,14,0,1
BRDA:166,14,1,1
BRDA:166,14,2,1
BRDA:193,15,0,2
BRDA:216,16,0,2
BRDA:246,17,0,48
BRDA:246,17,1,44
BRDA:247,18,0,48
BRDA:247,18,1,43
BRDA:283,19,0,3
BRDA:315,20,0,3
BRDA:315,20,1,2
BRDA:316,21,0,3
BRDA:316,21,1,2
BRDA:320,22,0,2
BRDA:320,23,0,3
BRDA:320,23,1,2
BRDA:324,24,0,2
BRDA:324,25,0,2
BRDA:324,25,1,2
BRDA:327,26,0,1
BRDA:327,27,0,2
BRDA:327,27,1,2
BRDA:330,28,0,1
BRDA:330,29,0,2
BRDA:330,29,1,2
BRDA:333,30,0,1
BRDA:333,31,0,2
BRDA:333,31,1,2
BRDA:342,32,0,3
BRDA:342,32,1,1
BRDA:374,33,0,1
BRDA:386,34,0,1
BRDA:386,34,1,1
BRDA:387,35,0,1
BRDA:387,35,1,1
BRDA:391,36,0,0
BRDA:391,36,1,1
BRDA:391,37,0,1
BRDA:391,37,1,0
BRDA:391,37,2,0
BRDA:395,38,0,0
BRDA:395,39,0,0
BRDA:395,39,1,0
BRDA:398,40,0,0
BRDA:398,41,0,0
BRDA:398,41,1,0
BRDA:401,42,0,0
BRDA:401,43,0,0
BRDA:401,43,1,0
BRDA:404,44,0,0
BRDA:404,45,0,0
BRDA:404,45,1,0
BRDA:407,46,0,1
BRDA:407,47,0,1
BRDA:407,47,1,1
BRDA:419,48,0,1
BRDA:419,48,1,1
BRDA:451,49,0,2
BRDA:480,50,0,3
BRDA:578,51,0,7
BRDA:579,52,0,5
BRDA:580,53,0,3
BRDA:581,54,0,0
BRDA:583,55,0,11
BRDA:583,55,1,10
BRDA:584,56,0,11
BRDA:584,56,1,10
BRF:94
BRH:62
end_of_record
TN:
SF:src/controllers/userController.ts
FN:6,(anonymous_1)
FN:13,(anonymous_2)
FN:56,(anonymous_3)
FN:100,(anonymous_4)
FN:125,(anonymous_5)
FNF:5
FNH:5
FNDA:3,(anonymous_1)
FNDA:5,(anonymous_2)
FNDA:5,(anonymous_3)
FNDA:55,(anonymous_4)
FNDA:6,(anonymous_5)
DA:2,6
DA:3,6
DA:6,6
DA:7,3
DA:13,6
DA:14,5
DA:15,5
DA:18,5
DA:22,4
DA:23,2
DA:30,2
DA:36,1
DA:47,2
DA:56,6
DA:57,5
DA:58,5
DA:61,5
DA:63,4
DA:64,1
DA:71,3
DA:73,3
DA:74,1
DA:80,2
DA:91,1
DA:100,6
DA:101,55
DA:102,55
DA:104,54
DA:105,2
DA:111,52
DA:116,1
DA:125,6
DA:126,6
DA:127,6
DA:129,6
DA:131,5
DA:132,1
DA:139,4
DA:140,4
DA:141,4
DA:143,4
DA:145,3
DA:155,2
LF:43
LH:43
BRDA:7,0,0,3
BRDA:7,0,1,0
BRDA:22,1,0,2
BRDA:63,2,0,1
BRDA:73,3,0,1
BRDA:104,4,0,2
BRDA:131,5,0,1
BRDA:139,6,0,4
BRDA:140,7,0,3
BRDA:141,8,0,2
BRF:10
BRH:9
end_of_record
TN:
SF:src/middleware/authMiddleware.ts
FN:20,(anonymous_1)
FN:68,(anonymous_2)
FNF:2
FNH:2
FNDA:243,(anonymous_1)
FNDA:6,(anonymous_2)
DA:2,6
DA:3,6
DA:20,6
DA:22,243
DA:23,8
DA:29,235
DA:31,235
DA:34,235
DA:37,208
DA:42,208
DA:43,208
DA:44,208
DA:47,208
DA:48,2
DA:55,2
DA:58,208
DA:60,27
DA:68,6
DA:69,6
DA:70,6
DA:72,4
DA:73,2
DA:75,2
DA:81,2
LF:24
LH:24
BRDA:22,0,0,8
BRDA:22,1,0,243
BRDA:22,1,1,236
BRDA:34,2,0,235
BRDA:34,2,1,0
BRDA:47,3,0,2
BRDA:50,4,0,2
BRDA:50,4,1,0
BRDA:72,5,0,2
BRDA:72,5,1,2
BRDA:72,6,0,4
BRDA:72,6,1,3
BRF:12
BRH:10
end_of_record
TN:
SF:src/middleware/validationMiddleware.ts
FN:4,(anonymous_1)
FN:5,(anonymous_2)
FN:12,(anonymous_3)
FN:63,(anonymous_4)
FN:64,(anonymous_5)
FN:79,(anonymous_6)
FNF:6
FNH:5
FNDA:40,(anonymous_1)
FNDA:129,(anonymous_2)
FNDA:173,(anonymous_3)
FNDA:25,(anonymous_4)
FNDA:71,(anonymous_5)
FNDA:0,(anonymous_6)
DA:2,5
DA:4,5
DA:5,40
DA:6,129
DA:11,129
DA:12,173
DA:17,68
DA:23,61
DA:28,5
DA:63,5
DA:64,25
DA:65,71
DA:67,71
DA:68,2
DA:74,69
DA:79,5
DA:80,0
DA:82,0
LF:18
LH:16
BRDA:11,0,0,68
BRDA:67,1,0,2
BRDA:67,2,0,71
BRDA:67,2,1,71
BRDA:84,3,0,0
BRDA:84,3,1,0
BRF:6
BRH:4
end_of_record
TN:
SF:src/models/Figure.ts
FNF:0
FNH:0
DA:1,14
DA:16,14
DA:36,14
DA:37,14
DA:39,14
LF:5
LH:5
BRF:0
BRH:0
end_of_record
TN:
SF:src/models/User.ts
FN:39,(anonymous_10)
FN:50,(anonymous_11)
FNF:2
FNH:2
FNDA:135,(anonymous_10)
FNDA:4,(anonymous_11)
DA:1,10
DA:2,10
DA:14,10
DA:39,10
DA:40,135
DA:41,3
DA:44,132
DA:45,132
DA:46,132
DA:50,10
DA:51,4
DA:54,10
LF:12
LH:12
BRDA:40,0,0,3
BRF:1
BRH:1
end_of_record
TN:
SF:src/routes/figureRoutes.ts
FNF:0
FNH:0
DA:1,5
DA:2,5
DA:13,5
DA:14,5
DA:20,5
DA:23,5
DA:26,5
DA:28,5
DA:36,5
DA:40,5
DA:44,5
DA:46,5
DA:55,5
LF:13
LH:13
BRF:0
BRH:0
end_of_record
TN:
SF:src/routes/userRoutes.ts
FNF:0
FNH:0
DA:1,5
DA:2,5
DA:8,5
DA:13,5
DA:15,5
DA:17,5
DA:22,5
DA:29,5
DA:30,5
DA:38,5
LF:10
LH:10
BRF:0
BRH:0
end_of_record
